Drill report for D:\Libraries\MyDevelopment\KiCad\USB breakout\USB Breakout v3.0.kicad_pcb
Created on 2016-02-23 23:33:46

Copper Layer Stackup:
    =============================================================
    L1 :  Component                 front
    L2 :  Solder                    back


Drill file 'D:USB Breakout v3.0.drl' contains
    plated through holes:
    =============================================================
    T1  0.33mm  0.013"  (2 holes)
    T2  0.38mm  0.015"  (2 holes)
    T3  0.70mm  0.028"  (9 holes)
    T4  0.75mm  0.030"  (12 holes)
    T5  0.90mm  0.035"  (2 holes)  (with 2 slots)
    T6  1.55mm  0.061"  (4 holes)
    T7  1.60mm  0.063"  (32 holes)
    T8  2.30mm  0.091"  (2 holes)

    Total plated holes count 65


Not plated through holes are merged with plated holes
    unplated through holes:
    =============================================================
    T9  1.20mm  0.047"  (2 holes)

    Total unplated holes count 2
